C251 COMPILER V5.60.0,  STC32G_PWM_Isr                                                     13/05/23  15:57:25  PAGE 1   


C251 COMPILER V5.60.0, COMPILATION OF MODULE STC32G_PWM_Isr
OBJECT MODULE PLACED IN .\MDK\Obj\STC32G_PWM_Isr.obj
COMPILER INVOKED BY: D:\Program\Keil_v5\C251\BIN\C251.EXE Driver\Isr\STC32G_PWM_Isr.c XSMALL INTR2 BROWSE INCDIR(.\Drive
                    -r;.\Driver\Inc;.\Driver\Isr;.\CORE\Inc;.\bsp\include) DEBUG PRINT(.\MDK\List\STC32G_PWM_Isr.lst) TABS(2) OBJECT(.\MDK\Ob
                    -j\STC32G_PWM_Isr.obj) 

stmt  level    source

    1          #include "STC32G_PWM.h"
    2          
    3          


Module Information          Static   Overlayable
------------------------------------------------
  code size            =    ------     ------
  ecode size           =    ------     ------
  data size            =    ------     ------
  idata size           =    ------     ------
  pdata size           =    ------     ------
  xdata size           =    ------     ------
  xdata-const size     =    ------     ------
  edata size           =    ------     ------
  bit size             =    ------     ------
  ebit size            =    ------     ------
  bitaddressable size  =    ------     ------
  ebitaddressable size =    ------     ------
  far data size        =    ------     ------
  huge data size       =    ------     ------
  const size           =    ------     ------
  hconst size          =    ------     ------
End of Module Information.


C251 COMPILATION COMPLETE.  0 WARNING(S),  0 ERROR(S)
