C251 COMPILER V5.60.0,  STC32G_Timer_Isr                                                   15/05/23  12:55:32  PAGE 1   


C251 COMPILER V5.60.0, COMPILATION OF MODULE STC32G_Timer_Isr
OBJECT MODULE PLACED IN .\MDK\Obj\STC32G_Timer_Isr.obj
COMPILER INVOKED BY: D:\Programs\keil_v5\C251\BIN\C251.EXE Driver\Isr\STC32G_Timer_Isr.c XSMALL INTR2 BROWSE INCDIR(.\Dr
                    -iver;.\Driver\Inc;.\Driver\Isr;.\CORE\Inc;.\bsp\include) DEBUG PRINT(.\MDK\List\STC32G_Timer_Isr.lst) TABS(2) OBJECT(.\M
                    -DK\Obj\STC32G_Timer_Isr.obj) 

stmt  level    source

    1          #include  "STC32G_Timer.h"
    2          extern void Timer_ISR_Callback(int Timx);
    3          //========================================================================
    4          // 函数: Timer0_ISR_Handler
    5          // 描述: Timer0中断函数.
    6          // 参数: none.
    7          // 返回: none.
    8          // 版本: V1.0, 2020-09-23
    9          //========================================================================
   10          void Timer0_ISR_Handler (void) interrupt TMR0_VECTOR    //进中断时已经清除标志
   11          {
   12   1        //Task_Marks_Handler_Callback();  //任务标记回调函数
   13   1        Timer_ISR_Callback(Timer0);
   14   1      }
   15          
   16          //========================================================================
   17          // 函数: Timer1_ISR_Handler
   18          // 描述: Timer1中断函数.
   19          // 参数: none.
   20          // 返回: none.
   21          // 版本: V1.0, 2020-09-23
   22          //========================================================================
   23          void Timer1_ISR_Handler (void) interrupt TMR1_VECTOR    //进中断时已经清除标志
   24          {
   25   1        // TODO: 在此处添加用户代码
   26   1        //P66 = ~P66;
   27   1        Timer_ISR_Callback(Timer1);
   28   1      }
   29          
   30          //========================================================================
   31          // 函数: Timer2_ISR_Handler
   32          // 描述: Timer2中断函数.
   33          // 参数: none.
   34          // 返回: none.
   35          // 版本: V1.0, 2020-09-23
   36          //========================================================================
   37          void Timer2_ISR_Handler (void) interrupt TMR2_VECTOR    //进中断时已经清除标志
   38          {
   39   1        // TODO: 在此处添加用户代码
   40   1        //P65 = ~P65;
   41   1        Timer_ISR_Callback(Timer2);
   42   1      }
   43          
   44          //========================================================================
   45          // 函数: Timer3_ISR_Handler
   46          // 描述: Timer3中断函数.
   47          // 参数: none.
   48          // 返回: none.
   49          // 版本: V1.0, 2020-09-23
   50          //========================================================================
   51          void Timer3_ISR_Handler (void) interrupt TMR3_VECTOR    //进中断时已经清除标志
   52          {
   53   1        // TODO: 在此处添加用户代码
   54   1        //P64 = ~P64;
   55   1        Timer_ISR_Callback(Timer3);
   56   1      }
   57          
C251 COMPILER V5.60.0,  STC32G_Timer_Isr                                                   15/05/23  12:55:32  PAGE 2   

   58          //========================================================================
   59          // 函数: Timer4_ISR_Handler
   60          // 描述: Timer4中断函数.
   61          // 参数: none.
   62          // 返回: none.
   63          // 版本: V1.0, 2020-09-23
   64          //========================================================================
   65          void Timer4_ISR_Handler (void) interrupt TMR4_VECTOR    //进中断时已经清除标志
   66          {
   67   1        // TODO: 在此处添加用户代码
   68   1        //P63 = ~P63;
   69   1        Timer_ISR_Callback(Timer4);
   70   1      }


Module Information          Static   Overlayable
------------------------------------------------
  code size            =       273     ------
  ecode size           =    ------     ------
  data size            =    ------     ------
  idata size           =    ------     ------
  pdata size           =    ------     ------
  xdata size           =    ------     ------
  xdata-const size     =    ------     ------
  edata size           =    ------     ------
  bit size             =    ------     ------
  ebit size            =    ------     ------
  bitaddressable size  =    ------     ------
  ebitaddressable size =    ------     ------
  far data size        =    ------     ------
  huge data size       =    ------     ------
  const size           =    ------     ------
  hconst size          =    ------     ------
End of Module Information.


C251 COMPILATION COMPLETE.  0 WARNING(S),  0 ERROR(S)
